<?xml version="1.0" encoding="UTF-8"?>
<!-- Generated by org.testng.reporters.JUnitReportReporter -->
<testsuite hostname="CIPL1257MOB" failures="0" tests="2" name="Excelchecking.excel" time="0.004" errors="0" timestamp="2023-04-18T15:55:56 IST" skipped="0">
  <testcase classname="Excelchecking.excel" name="test" time="0.001"/>
  <system-out/>
  <testcase classname="Excelchecking.excel" name="test" time="0.003"/>
  <system-out/>
</testsuite> <!-- Excelchecking.excel -->
